<?xml version="1.0" encoding="UTF-8"?>
<testng-results ignored="0" total="1" passed="1" failed="0" skipped="0">
  <reporter-output>
  </reporter-output>
  <suite started-at="2023-11-23T14:00:53 IST" name="Default suite" finished-at="2023-11-23T14:01:28 IST" duration-ms="34981">
    <groups>
    </groups>
    <test started-at="2023-11-23T14:00:53 IST" name="Default test" finished-at="2023-11-23T14:01:28 IST" duration-ms="34981">
      <class name="bellatrix.CartPageTests">
        <test-method is-config="true" signature="setUp(java.lang.String)[pri:0, instance:bellatrix.CartPageTests@123ef382]" started-at="2023-11-23T14:00:53 IST" name="setUp" finished-at="2023-11-23T14:01:00 IST" duration-ms="6458" status="PASS">
          <params>
            <param index="0">
              <value is-null="true"/>
            </param>
          </params>
          <reporter-output>
          </reporter-output>
        </test-method> <!-- setUp -->
        <test-method signature="testScenario1()[pri:0, instance:bellatrix.CartPageTests@123ef382]" started-at="2023-11-23T14:01:00 IST" name="testScenario1" finished-at="2023-11-23T14:01:28 IST" duration-ms="28074" status="PASS">
          <reporter-output>
          </reporter-output>
        </test-method> <!-- testScenario1 -->
        <test-method is-config="true" signature="tearDown()[pri:0, instance:bellatrix.CartPageTests@123ef382]" started-at="2023-11-23T14:01:28 IST" name="tearDown" finished-at="2023-11-23T14:01:28 IST" duration-ms="398" status="PASS">
          <reporter-output>
          </reporter-output>
        </test-method> <!-- tearDown -->
      </class> <!-- bellatrix.CartPageTests -->
    </test> <!-- Default test -->
  </suite> <!-- Default suite -->
</testng-results>
